<?xml version="1.0" encoding="UTF-8"?>
<!-- Generated by org.testng.reporters.JUnitReportReporter -->
<testsuite hostname="DFW22AAA081819" failures="0" tests="2" name="com.pepperfry.qa.test.SearchFieldTest" time="4.106" errors="0" timestamp="2021-09-22T15:02:18 CDT" skipped="0">
  <testcase classname="com.pepperfry.qa.test.SearchFieldTest" name="titleTest" time="0.024"/>
  <system-out/>
  <testcase classname="com.pepperfry.qa.test.SearchFieldTest" name="searchFieldTest" time="4.082"/>
  <system-out>
    <![CDATA[Ascending order

***************************************************************

Arizona Writing Table In Flowery Wenge Finish

Artava Solid Wood Bench In Warm Chestnut Finish

Audace Medium Back Executive Chair In White Colour

Bali 3 Seater Sofa In Blue Colour

Bali 3 Seater Sofa In Grey Colour

Bliss 6 Seater LHS Sectional Sofa In Black & Grey Colour

Bliss 6 Seater RHS Sectional Sofa In Black & Grey Colour

Charming Wing Chair In Beige Colour

Chest Of Drawer In Blue And Cream Colour

Chicago TV Unit In White & Wenge Finish

Comet Ergonomic Chair In Black & White Colour

Comet Ergonomic Chair In Black Colour

Conrad Portable Laptop Table In Wenge Colour

Drake Mid Back Executive Chair In Brown Colour

Elegant Ergonomic Chair In Black Colour

Empire Height Adjusting Portable Laptop Table In Dark Walnut Finish

Friends Bedside Table In White & Lime Green Finish

Genji Study Table In Columbia Walnut Finish

Homa Collapsible Shoe Rack In Blue Colour

Homa Collapsible Shoe Rack In White Colour

Hutch Corner Study Table In Frosty White Colour

Jazz Ergonomic Chair In Black Colour

Kennewick Solid Wood Portable Laptop Table In Provincial Teak Finish

Leno Zebra Ergonomic Chair In Black & White Colour

Marvel Ergonomic Chair In Black Colour

Montoya 4 Seater Round Dining Table Set In Brown Color

Outdoor Swing In Off White Colour

Ozone 3 Door Wardrobe In Teak Finish

Ozone 3 Door Wardrobe With Mirror In Teak Finish

Paloma Queen Size Bed With Storage In Black Finish

Piccolo Cotton Swing In Blue Colour

Prestic Medium Back Executive Chair In Brown Colour

Quotes Writing Board In Dark Bule Colour

Regal 1 Door Wardrobe With Drawer & Mirror In Walnut Finish

Regal Delux Dresser In White Colour

Rio 2 Seater Manual Recliner In Brown Colour

Rio 3 Seater Manual Recliner In Brown Colour

SOS LiteOffice Round Discussion Table In Everest White Colour

Sasaki 3 Seater Sofa In Walnut Brown Colour

Scorpion Study Table With Book Shelves & Cabinet In Knotty Wood Finish

Seoul Writing Table With Book Shelf In Frosty White Colour

Shinju Queen Size Upholstered Bed With Storage In Wenge Finish

The Chester Chest Of Drawer In Voilet Colour

Thomas Wall Mounted Tv Unit In Wenge Finish

Vernon 3 Seater Sofa Cum Bed In Dark Blue Colour

Voyager Portable Table In Brazilian Walnut Finish

Wooden Analog Wall Clock

Zeno Coffee Table In African Oak Finish

****************************************************************

Descending order

****************************************************************

Zeno Coffee Table In African Oak Finish

Wooden Analog Wall Clock

Voyager Portable Table In Brazilian Walnut Finish

Vernon 3 Seater Sofa Cum Bed In Dark Blue Colour

Thomas Wall Mounted Tv Unit In Wenge Finish

The Chester Chest Of Drawer In Voilet Colour

Shinju Queen Size Upholstered Bed With Storage In Wenge Finish

Seoul Writing Table With Book Shelf In Frosty White Colour

Scorpion Study Table With Book Shelves & Cabinet In Knotty Wood Finish

Sasaki 3 Seater Sofa In Walnut Brown Colour

SOS LiteOffice Round Discussion Table In Everest White Colour

Rio 3 Seater Manual Recliner In Brown Colour

Rio 2 Seater Manual Recliner In Brown Colour

Regal Delux Dresser In White Colour

Regal 1 Door Wardrobe With Drawer & Mirror In Walnut Finish

Quotes Writing Board In Dark Bule Colour

Prestic Medium Back Executive Chair In Brown Colour

Piccolo Cotton Swing In Blue Colour

Paloma Queen Size Bed With Storage In Black Finish

Ozone 3 Door Wardrobe With Mirror In Teak Finish

Ozone 3 Door Wardrobe In Teak Finish

Outdoor Swing In Off White Colour

Montoya 4 Seater Round Dining Table Set In Brown Color

Marvel Ergonomic Chair In Black Colour

Leno Zebra Ergonomic Chair In Black & White Colour

Kennewick Solid Wood Portable Laptop Table In Provincial Teak Finish

Jazz Ergonomic Chair In Black Colour

Hutch Corner Study Table In Frosty White Colour

Homa Collapsible Shoe Rack In White Colour

Homa Collapsible Shoe Rack In Blue Colour

Genji Study Table In Columbia Walnut Finish

Friends Bedside Table In White & Lime Green Finish

Empire Height Adjusting Portable Laptop Table In Dark Walnut Finish

Elegant Ergonomic Chair In Black Colour

Drake Mid Back Executive Chair In Brown Colour

Conrad Portable Laptop Table In Wenge Colour

Comet Ergonomic Chair In Black Colour

Comet Ergonomic Chair In Black & White Colour

Chicago TV Unit In White & Wenge Finish

Chest Of Drawer In Blue And Cream Colour

Charming Wing Chair In Beige Colour

Bliss 6 Seater RHS Sectional Sofa In Black & Grey Colour

Bliss 6 Seater LHS Sectional Sofa In Black & Grey Colour

Bali 3 Seater Sofa In Grey Colour

Bali 3 Seater Sofa In Blue Colour

Audace Medium Back Executive Chair In White Colour

Artava Solid Wood Bench In Warm Chestnut Finish

Arizona Writing Table In Flowery Wenge Finish
]]>
  </system-out>
</testsuite> <!-- com.pepperfry.qa.test.SearchFieldTest -->
